2000.09.11 20:05 B C:\FrontPage Webs\Content\trademark\_borders\tm_banner.swf --> www.jumboremix.com.hk /var/www/jumboremix.com.hk/_borders tm_banner.swf
2000.09.11 20:06 B C:\FrontPage Webs\Content\trademark\_borders\tm_buttonrev.swf --> www.jumboremix.com.hk /var/www/jumboremix.com.hk/_borders tm_buttonrev.swf
2000.09.11 20:06 B C:\FrontPage Webs\Content\trademark\_borders\top.htm --> www.jumboremix.com.hk /var/www/jumboremix.com.hk/_borders top.htm
2000.09.11 20:06 B C:\FrontPage Webs\Content\trademark\_borders\left.htm --> www.jumboremix.com.hk /var/www/jumboremix.com.hk/_borders left.htm
2000.09.11 20:11 B C:\FrontPage Webs\Content\trademark\_borders\tm_buttonrev.swf --> www.jumboremix.com.hk /var/www/jumboremix.com.hk/_borders tm_buttonrev.swf
2000.09.11 20:11 B C:\FrontPage Webs\Content\trademark\_borders\top.htm --> www.jumboremix.com.hk /var/www/jumboremix.com.hk/_borders top.htm
2000.09.11 20:11 B C:\FrontPage Webs\Content\trademark\_borders\left.htm --> www.jumboremix.com.hk /var/www/jumboremix.com.hk/_borders left.htm
2000.09.11 20:15 B C:\FrontPage Webs\Content\trademark\_borders\tm_buttonrev.swf --> www.jumboremix.com.hk /var/www/jumboremix.com.hk/_borders tm_buttonrev.swf
2000.09.11 20:15 B C:\FrontPage Webs\Content\trademark\_borders\top.htm --> www.jumboremix.com.hk /var/www/jumboremix.com.hk/_borders top.htm
2000.09.11 20:15 B C:\FrontPage Webs\Content\trademark\_borders\left.htm --> www.jumboremix.com.hk /var/www/jumboremix.com.hk/_borders left.htm
2000.09.29 20:21 B C:\FrontPage Webs\Content\trademark\_borders\left.htm --> www.jumboremix.com.hk /var/www/jumboremix.com.hk/_borders left.htm
2000.09.29 20:21 B C:\FrontPage Webs\Content\trademark\_borders\tm-banner.swf --> www.jumboremix.com.hk /var/www/jumboremix.com.hk/_borders tm-banner.swf
2000.09.29 20:21 B C:\FrontPage Webs\Content\trademark\_borders\tm-button.swf --> www.jumboremix.com.hk /var/www/jumboremix.com.hk/_borders tm-button.swf
2000.09.29 20:21 B C:\FrontPage Webs\Content\trademark\_borders\tm_banner.swf --> www.jumboremix.com.hk /var/www/jumboremix.com.hk/_borders tm_banner.swf
2000.09.29 20:21 B C:\FrontPage Webs\Content\trademark\_borders\tm_button.swf --> www.jumboremix.com.hk /var/www/jumboremix.com.hk/_borders tm_button.swf
2000.09.29 20:21 B C:\FrontPage Webs\Content\trademark\_borders\tm_buttonrev.swf --> www.jumboremix.com.hk /var/www/jumboremix.com.hk/_borders tm_buttonrev.swf
2000.09.29 20:21 B C:\FrontPage Webs\Content\trademark\_borders\top.htm --> www.jumboremix.com.hk /var/www/jumboremix.com.hk/_borders top.htm
2000.09.29 20:21 B C:\FrontPage Webs\Content\trademark\_borders\WS_FTP.LOG --> www.jumboremix.com.hk /var/www/jumboremix.com.hk/_borders WS_FTP.LOG
2000.10.05 17:26 B C:\FrontPage Webs\Content\trademark\_borders\left.htm --> www.jumboremix.com.hk /var/www/jumboremix.com.hk/_borders left.htm
2000.10.05 17:26 B C:\FrontPage Webs\Content\trademark\_borders\top.htm --> www.jumboremix.com.hk /var/www/jumboremix.com.hk/_borders top.htm
2000.10.05 17:26 B C:\FrontPage Webs\Content\trademark\_borders\WS_FTP.LOG --> www.jumboremix.com.hk /var/www/jumboremix.com.hk/_borders WS_FTP.LOG
2000.10.05 17:36 B C:\FrontPage Webs\Content\trademark\_borders\WS_FTP.LOG --> www.jumboremix.com.hk /var/www/jumboremix.com.hk/_borders WS_FTP.LOG
2000.10.05 17:36 B C:\FrontPage Webs\Content\trademark\_borders\left.htm --> www.jumboremix.com.hk /var/www/jumboremix.com.hk/_borders left.htm
2000.10.05 17:36 B C:\FrontPage Webs\Content\trademark\_borders\tm-banner.swf --> www.jumboremix.com.hk /var/www/jumboremix.com.hk/_borders tm-banner.swf
2000.10.05 17:36 B C:\FrontPage Webs\Content\trademark\_borders\tm-button.swf --> www.jumboremix.com.hk /var/www/jumboremix.com.hk/_borders tm-button.swf
2000.10.05 17:37 B C:\FrontPage Webs\Content\trademark\_borders\tm_banner.swf --> www.jumboremix.com.hk /var/www/jumboremix.com.hk/_borders tm_banner.swf
2000.10.05 17:37 B C:\FrontPage Webs\Content\trademark\_borders\tm_button.swf --> www.jumboremix.com.hk /var/www/jumboremix.com.hk/_borders tm_button.swf
2000.10.05 17:37 B C:\FrontPage Webs\Content\trademark\_borders\tm_buttonrev.swf --> www.jumboremix.com.hk /var/www/jumboremix.com.hk/_borders tm_buttonrev.swf
2000.10.05 17:37 B C:\FrontPage Webs\Content\trademark\_borders\top.htm --> www.jumboremix.com.hk /var/www/jumboremix.com.hk/_borders top.htm
2000.10.05 17:37 B C:\FrontPage Webs\Content\trademark\_borders\WS_FTP.LOG --> www.jumboremix.com.hk /var/www/jumboremix.com.hk/_borders WS_FTP.LOG
2000.10.10 14:49 B C:\FrontPage Webs\Content\trademark\_borders\left.htm --> www.jumboremix.com.hk /var/www/jumboremix.com.hk/_borders left.htm
2000.10.10 14:49 B C:\FrontPage Webs\Content\trademark\_borders\tm_buttonrev.swf --> www.jumboremix.com.hk /var/www/jumboremix.com.hk/_borders tm_buttonrev.swf
2000.10.10 14:49 B C:\FrontPage Webs\Content\trademark\_borders\top.htm --> www.jumboremix.com.hk /var/www/jumboremix.com.hk/_borders top.htm
2000.10.10 14:49 B C:\FrontPage Webs\Content\trademark\_borders\WS_FTP.LOG --> www.jumboremix.com.hk /var/www/jumboremix.com.hk/_borders WS_FTP.LOG
