2001.04.18 18:51 B C:\FrontPage Webs\Content\2001tmnew\2001tm-banner-abous.swf --> www.jumboremix.com.hk /var/www/jumboremix.com.hk 2001tm-banner-abous.swf
2001.04.18 18:51 B C:\FrontPage Webs\Content\2001tmnew\2001tm-banner-brandname.swf --> www.jumboremix.com.hk /var/www/jumboremix.com.hk 2001tm-banner-brandname.swf
2001.04.18 18:51 B C:\FrontPage Webs\Content\2001tmnew\2001tm-banner-class.swf --> www.jumboremix.com.hk /var/www/jumboremix.com.hk 2001tm-banner-class.swf
2001.04.18 18:51 B C:\FrontPage Webs\Content\2001tmnew\2001tm-banner-conf.swf --> www.jumboremix.com.hk /var/www/jumboremix.com.hk 2001tm-banner-conf.swf
2001.04.18 18:51 B C:\FrontPage Webs\Content\2001tmnew\2001tm-banner-contactus.swf --> www.jumboremix.com.hk /var/www/jumboremix.com.hk 2001tm-banner-contactus.swf
2001.04.18 18:51 B C:\FrontPage Webs\Content\2001tmnew\2001tm-banner-fee.swf --> www.jumboremix.com.hk /var/www/jumboremix.com.hk 2001tm-banner-fee.swf
2001.04.18 18:51 B C:\FrontPage Webs\Content\2001tmnew\2001tm-banner-order.swf --> www.jumboremix.com.hk /var/www/jumboremix.com.hk 2001tm-banner-order.swf
2001.04.18 18:51 B C:\FrontPage Webs\Content\2001tmnew\2001tm-banner-payterm.swf --> www.jumboremix.com.hk /var/www/jumboremix.com.hk 2001tm-banner-payterm.swf
2001.04.18 18:51 B C:\FrontPage Webs\Content\2001tmnew\2001tm-banner-services.swf --> www.jumboremix.com.hk /var/www/jumboremix.com.hk 2001tm-banner-services.swf
2001.04.18 18:51 B C:\FrontPage Webs\Content\2001tmnew\2001tm-banner-sitemap.swf --> www.jumboremix.com.hk /var/www/jumboremix.com.hk 2001tm-banner-sitemap.swf
2001.04.18 18:51 B C:\FrontPage Webs\Content\2001tmnew\2001tm-banner-terms.swf --> www.jumboremix.com.hk /var/www/jumboremix.com.hk 2001tm-banner-terms.swf
2001.04.18 18:51 B C:\FrontPage Webs\Content\2001tmnew\2001tm-banner-wel.swf --> www.jumboremix.com.hk /var/www/jumboremix.com.hk 2001tm-banner-wel.swf
2001.04.18 18:51 B C:\FrontPage Webs\Content\2001tmnew\2001tm-menubar-jr.swf --> www.jumboremix.com.hk /var/www/jumboremix.com.hk 2001tm-menubar-jr.swf
2001.04.18 18:51 B C:\FrontPage Webs\Content\2001tmnew\2001tm-menubar.swf --> www.jumboremix.com.hk /var/www/jumboremix.com.hk 2001tm-menubar.swf
2001.04.18 18:51 B C:\FrontPage Webs\Content\2001tmnew\aboutus.htm --> www.jumboremix.com.hk /var/www/jumboremix.com.hk aboutus.htm
2001.04.18 18:51 B C:\FrontPage Webs\Content\2001tmnew\banner-abus.htm --> www.jumboremix.com.hk /var/www/jumboremix.com.hk banner-abus.htm
2001.04.18 18:51 B C:\FrontPage Webs\Content\2001tmnew\banner-brandname.htm --> www.jumboremix.com.hk /var/www/jumboremix.com.hk banner-brandname.htm
2001.04.18 18:51 B C:\FrontPage Webs\Content\2001tmnew\banner-class.htm --> www.jumboremix.com.hk /var/www/jumboremix.com.hk banner-class.htm
2001.04.18 18:51 B C:\FrontPage Webs\Content\2001tmnew\banner-conf.htm --> www.jumboremix.com.hk /var/www/jumboremix.com.hk banner-conf.htm
2001.04.18 18:51 B C:\FrontPage Webs\Content\2001tmnew\banner-contact.htm --> www.jumboremix.com.hk /var/www/jumboremix.com.hk banner-contact.htm
2001.04.18 18:51 B C:\FrontPage Webs\Content\2001tmnew\banner-fee.htm --> www.jumboremix.com.hk /var/www/jumboremix.com.hk banner-fee.htm
2001.04.18 18:51 B C:\FrontPage Webs\Content\2001tmnew\banner-order.htm --> www.jumboremix.com.hk /var/www/jumboremix.com.hk banner-order.htm
2001.04.18 18:51 B C:\FrontPage Webs\Content\2001tmnew\banner-payterm.htm --> www.jumboremix.com.hk /var/www/jumboremix.com.hk banner-payterm.htm
2001.04.18 18:51 B C:\FrontPage Webs\Content\2001tmnew\banner-ser.htm --> www.jumboremix.com.hk /var/www/jumboremix.com.hk banner-ser.htm
2001.04.18 18:51 B C:\FrontPage Webs\Content\2001tmnew\banner-sitemap.htm --> www.jumboremix.com.hk /var/www/jumboremix.com.hk banner-sitemap.htm
2001.04.18 18:51 B C:\FrontPage Webs\Content\2001tmnew\banner-terms.htm --> www.jumboremix.com.hk /var/www/jumboremix.com.hk banner-terms.htm
2001.04.18 18:51 B C:\FrontPage Webs\Content\2001tmnew\banner-wel.htm --> www.jumboremix.com.hk /var/www/jumboremix.com.hk banner-wel.htm
2001.04.18 18:51 B C:\FrontPage Webs\Content\2001tmnew\brandname.htm --> www.jumboremix.com.hk /var/www/jumboremix.com.hk brandname.htm
2001.04.18 18:51 B C:\FrontPage Webs\Content\2001tmnew\confirmation.htm --> www.jumboremix.com.hk /var/www/jumboremix.com.hk confirmation.htm
2001.04.18 18:51 B C:\FrontPage Webs\Content\2001tmnew\contactus.htm --> www.jumboremix.com.hk /var/www/jumboremix.com.hk contactus.htm
2001.04.18 18:51 B C:\FrontPage Webs\Content\2001tmnew\home.htm --> www.jumboremix.com.hk /var/www/jumboremix.com.hk home.htm
2001.04.18 18:51 B C:\FrontPage Webs\Content\2001tmnew\homepage01.swf --> www.jumboremix.com.hk /var/www/jumboremix.com.hk homepage01.swf
2001.04.18 18:51 B C:\FrontPage Webs\Content\2001tmnew\index.htm --> www.jumboremix.com.hk /var/www/jumboremix.com.hk index.htm
2001.04.18 18:51 B C:\FrontPage Webs\Content\2001tmnew\menubar.htm --> www.jumboremix.com.hk /var/www/jumboremix.com.hk menubar.htm
2001.04.18 18:51 B C:\FrontPage Webs\Content\2001tmnew\ordertm.htm --> www.jumboremix.com.hk /var/www/jumboremix.com.hk ordertm.htm
2001.04.18 18:51 B C:\FrontPage Webs\Content\2001tmnew\payterm.htm --> www.jumboremix.com.hk /var/www/jumboremix.com.hk payterm.htm
2001.04.18 18:51 B C:\FrontPage Webs\Content\2001tmnew\sitemap.htm --> www.jumboremix.com.hk /var/www/jumboremix.com.hk sitemap.htm
2001.04.18 18:51 B C:\FrontPage Webs\Content\2001tmnew\term&.htm --> www.jumboremix.com.hk /var/www/jumboremix.com.hk term&.htm
2001.04.18 18:51 B C:\FrontPage Webs\Content\2001tmnew\textabus.htm --> www.jumboremix.com.hk /var/www/jumboremix.com.hk textabus.htm
2001.04.18 18:51 B C:\FrontPage Webs\Content\2001tmnew\textbrand.htm --> www.jumboremix.com.hk /var/www/jumboremix.com.hk textbrand.htm
2001.04.18 18:51 B C:\FrontPage Webs\Content\2001tmnew\textconf.htm --> www.jumboremix.com.hk /var/www/jumboremix.com.hk textconf.htm
2001.04.18 18:51 B C:\FrontPage Webs\Content\2001tmnew\textcontact.htm --> www.jumboremix.com.hk /var/www/jumboremix.com.hk textcontact.htm
2001.04.18 18:51 B C:\FrontPage Webs\Content\2001tmnew\texthome.htm --> www.jumboremix.com.hk /var/www/jumboremix.com.hk texthome.htm
2001.04.18 18:51 B C:\FrontPage Webs\Content\2001tmnew\textorder.htm --> www.jumboremix.com.hk /var/www/jumboremix.com.hk textorder.htm
2001.04.18 18:51 B C:\FrontPage Webs\Content\2001tmnew\textourservices.htm --> www.jumboremix.com.hk /var/www/jumboremix.com.hk textourservices.htm
2001.04.18 18:51 B C:\FrontPage Webs\Content\2001tmnew\textpayterm.htm --> www.jumboremix.com.hk /var/www/jumboremix.com.hk textpayterm.htm
2001.04.18 18:51 B C:\FrontPage Webs\Content\2001tmnew\textsitemap.htm --> www.jumboremix.com.hk /var/www/jumboremix.com.hk textsitemap.htm
2001.04.18 18:51 B C:\FrontPage Webs\Content\2001tmnew\textterms.htm --> www.jumboremix.com.hk /var/www/jumboremix.com.hk textterms.htm
2001.04.18 18:51 B C:\FrontPage Webs\Content\2001tmnew\texttmfee.htm --> www.jumboremix.com.hk /var/www/jumboremix.com.hk texttmfee.htm
2001.04.18 18:51 B C:\FrontPage Webs\Content\2001tmnew\TM-intro02.swf --> www.jumboremix.com.hk /var/www/jumboremix.com.hk TM-intro02.swf
2001.04.18 18:51 B C:\FrontPage Webs\Content\2001tmnew\tmfee.htm --> www.jumboremix.com.hk /var/www/jumboremix.com.hk tmfee.htm
2001.04.18 18:51 B C:\FrontPage Webs\Content\2001tmnew\trademark.htm --> www.jumboremix.com.hk /var/www/jumboremix.com.hk trademark.htm
2001.04.18 19:07 B C:\FrontPage Webs\Content\2001tmnew\menubar.htm --> www.jumboremix.com.hk /var/www/jumboremix.com.hk menubar.htm
2001.04.18 19:10 B C:\FrontPage Webs\Content\2001tmnew\menubar.htm --> www.jumboremix.com.hk /var/www/jumboremix.com.hk menubar.htm
2001.04.18 20:04 B C:\FrontPage Webs\Content\2001tmnew\menubar.htm --> www.jumboremix.com.hk /var/www/jumboremix.com.hk menubar.htm
2001.04.18 20:04 B C:\FrontPage Webs\Content\2001tmnew\2001tm-menubar-jr.swf --> www.jumboremix.com.hk /var/www/jumboremix.com.hk 2001tm-menubar-jr.swf
2001.04.18 20:07 B C:\FrontPage Webs\Content\2001tmnew\2001tm-menubar-jr.swf --> www.jumboremix.com.hk /var/www/jumboremix.com.hk 2001tm-menubar-jr.swf
2001.04.18 20:07 B C:\FrontPage Webs\Content\2001tmnew\menubar.htm --> www.jumboremix.com.hk /var/www/jumboremix.com.hk menubar.htm
2001.04.18 20:08 B C:\FrontPage Webs\Content\2001tmnew\2001tm-menubar-jr.swf --> www.jumboremix.com.hk /var/www/jumboremix.com.hk 2001tm-menubar-jr.swf
2001.04.18 20:08 B C:\FrontPage Webs\Content\2001tmnew\menubar.htm --> www.jumboremix.com.hk /var/www/jumboremix.com.hk menubar.htm
2001.04.18 20:11 B C:\FrontPage Webs\Content\2001tmnew\2001tm-menubar-jr.swf --> www.jumboremix.com.hk /var/www/jumboremix.com.hk 2001tm-menubar-jr.swf
2001.04.18 20:11 B C:\FrontPage Webs\Content\2001tmnew\menubar.htm --> www.jumboremix.com.hk /var/www/jumboremix.com.hk menubar.htm
2001.04.18 20:16 B C:\FrontPage Webs\Content\2001tmnew\2001tm-menubar-jr.swf --> www.jumboremix.com.hk /var/www/jumboremix.com.hk 2001tm-menubar-jr.swf
2001.04.18 20:16 B C:\FrontPage Webs\Content\2001tmnew\menubar.htm --> www.jumboremix.com.hk /var/www/jumboremix.com.hk menubar.htm
2001.04.18 20:18 B C:\FrontPage Webs\Content\2001tmnew\menubar.htm --> www.jumboremix.com.hk /var/www/jumboremix.com.hk menubar.htm
2001.04.18 20:19 B C:\FrontPage Webs\Content\2001tmnew\2001tm-menubar-jr.swf --> www.jumboremix.com.hk /var/www/jumboremix.com.hk 2001tm-menubar-jr.swf
2001.04.18 20:24 B C:\FrontPage Webs\Content\2001tmnew\2001tm-menubar-jr.swf --> www.jumboremix.com.hk /var/www/jumboremix.com.hk 2001tm-menubar-jr.swf
2001.04.18 20:25 B C:\FrontPage Webs\Content\2001tmnew\menubar.htm --> www.jumboremix.com.hk /var/www/jumboremix.com.hk menubar.htm
2001.04.18 20:27 B C:\FrontPage Webs\Content\2001tmnew\menubar.htm --> www.jumboremix.com.hk /var/www/jumboremix.com.hk menubar.htm
2001.04.18 20:27 B C:\FrontPage Webs\Content\2001tmnew\2001tm-menubar-jr.swf --> www.jumboremix.com.hk /var/www/jumboremix.com.hk 2001tm-menubar-jr.swf
2001.04.18 20:38 B C:\FrontPage Webs\Content\2001tmnew\2001tm-menubar-jr.swf --> www.jumboremix.com.hk /var/www/jumboremix.com.hk 2001tm-menubar-jr.swf
2001.04.18 20:39 B C:\FrontPage Webs\Content\2001tmnew\brandname.htm --> www.jumboremix.com.hk /var/www/jumboremix.com.hk brandname.htm
2001.04.18 20:39 B C:\FrontPage Webs\Content\2001tmnew\menubar.htm --> www.jumboremix.com.hk /var/www/jumboremix.com.hk menubar.htm
2001.04.18 20:40 B C:\FrontPage Webs\Content\2001tmnew\trademark.htm --> www.jumboremix.com.hk /var/www/jumboremix.com.hk trademark.htm
2001.04.18 20:42 B C:\FrontPage Webs\Content\2001tmnew\textbrand.htm --> www.jumboremix.com.hk /var/www/jumboremix.com.hk textbrand.htm
2001.04.18 20:46 B C:\FrontPage Webs\Content\2001tmnew\confirmation.htm --> www.jumboremix.com.hk /var/www/jumboremix.com.hk confirmation.htm
2001.04.18 20:46 B C:\FrontPage Webs\Content\2001tmnew\textconf.htm --> www.jumboremix.com.hk /var/www/jumboremix.com.hk textconf.htm
2001.04.18 20:53 B C:\FrontPage Webs\Content\2001tmnew\ordertm.htm --> www.jumboremix.com.hk /var/www/jumboremix.com.hk ordertm.htm
2001.04.18 20:53 B C:\FrontPage Webs\Content\2001tmnew\confirmation.htm --> www.jumboremix.com.hk /var/www/jumboremix.com.hk confirmation.htm
2001.04.18 20:53 B C:\FrontPage Webs\Content\2001tmnew\textconf.htm --> www.jumboremix.com.hk /var/www/jumboremix.com.hk textconf.htm
2001.04.18 20:58 B C:\FrontPage Webs\Content\2001tmnew\textcontact.htm --> www.jumboremix.com.hk /var/www/jumboremix.com.hk textcontact.htm
2001.04.18 20:58 B C:\FrontPage Webs\Content\2001tmnew\contactus.htm --> www.jumboremix.com.hk /var/www/jumboremix.com.hk contactus.htm
2001.04.18 20:58 B C:\FrontPage Webs\Content\2001tmnew\confirmation.htm --> www.jumboremix.com.hk /var/www/jumboremix.com.hk confirmation.htm
2001.04.18 21:14 B C:\FrontPage Webs\Content\2001tmnew\textourservices.htm --> www.jumboremix.com.hk /var/www/jumboremix.com.hk textourservices.htm
2001.04.18 21:16 B C:\FrontPage Webs\Content\2001tmnew\textourservices.htm --> www.jumboremix.com.hk /var/www/jumboremix.com.hk textourservices.htm
2001.04.18 21:19 B C:\FrontPage Webs\Content\2001tmnew\textourservices.htm --> www.jumboremix.com.hk /var/www/jumboremix.com.hk textourservices.htm
2001.04.19 20:55 B C:\FrontPage Webs\Content\2001tmnew\TM-intro02.swf --> www.jumboremix.com.hk /var/www/jumboremix.com.hk TM-intro02.swf
2001.04.19 20:55 B C:\FrontPage Webs\Content\2001tmnew\texthome.htm --> www.jumboremix.com.hk /var/www/jumboremix.com.hk texthome.htm
2001.04.19 20:56 B C:\FrontPage Webs\Content\2001tmnew\index.htm --> www.jumboremix.com.hk /var/www/jumboremix.com.hk index.htm
2001.04.19 21:12 B C:\FrontPage Webs\Content\2001tmnew\2001tm-menubar-jr.swf --> www.jumboremix.com.hk /var/www/jumboremix.com.hk 2001tm-menubar-jr.swf
2001.04.19 21:12 B C:\FrontPage Webs\Content\2001tmnew\textsitemap.htm --> www.jumboremix.com.hk /var/www/jumboremix.com.hk textsitemap.htm
2001.04.19 21:12 B C:\FrontPage Webs\Content\2001tmnew\homepage01.swf --> www.jumboremix.com.hk /var/www/jumboremix.com.hk homepage01.swf
2001.04.19 21:35 B C:\FrontPage Webs\Content\2001tmnew\2001tm-menubar-jr.swf --> www.jumboremix.com.hk /var/www/jumboremix.com.hk 2001tm-menubar-jr.swf
2001.04.19 21:36 B C:\FrontPage Webs\Content\2001tmnew\homepage01.swf --> www.jumboremix.com.hk /var/www/jumboremix.com.hk homepage01.swf
2001.04.19 21:36 B C:\FrontPage Webs\Content\2001tmnew\index.htm --> www.jumboremix.com.hk /var/www/jumboremix.com.hk index.htm
2001.04.19 21:36 B C:\FrontPage Webs\Content\2001tmnew\menubar.htm --> www.jumboremix.com.hk /var/www/jumboremix.com.hk menubar.htm
2001.04.19 21:36 B C:\FrontPage Webs\Content\2001tmnew\texthome.htm --> www.jumboremix.com.hk /var/www/jumboremix.com.hk texthome.htm
2001.04.19 21:36 B C:\FrontPage Webs\Content\2001tmnew\textourservices.htm --> www.jumboremix.com.hk /var/www/jumboremix.com.hk textourservices.htm
2001.04.19 21:36 B C:\FrontPage Webs\Content\2001tmnew\textsitemap.htm --> www.jumboremix.com.hk /var/www/jumboremix.com.hk textsitemap.htm
2001.04.19 21:36 B C:\FrontPage Webs\Content\2001tmnew\TM-intro02.swf --> www.jumboremix.com.hk /var/www/jumboremix.com.hk TM-intro02.swf
2001.04.19 21:50 B C:\FrontPage Webs\Content\2001tmnew\textourservices.htm --> www.jumboremix.com.hk /var/www/jumboremix.com.hk textourservices.htm
2001.04.19 21:50 B C:\FrontPage Webs\Content\2001tmnew\textorder.htm --> www.jumboremix.com.hk /var/www/jumboremix.com.hk textorder.htm
2001.04.20 12:11 B C:\FrontPage Webs\Content\2001tmnew\textbrand.htm --> www.jumboremix.com.hk /var/www/jumboremix.com.hk textbrand.htm
2001.04.20 12:12 B C:\FrontPage Webs\Content\2001tmnew\textbrand.htm --> www.jumboremix.com.hk /var/www/jumboremix.com.hk textbrand.htm
2001.04.20 12:17 B C:\FrontPage Webs\Content\2001tmnew\textourservices.htm --> www.jumboremix.com.hk /var/www/jumboremix.com.hk textourservices.htm
2001.04.20 12:19 B C:\FrontPage Webs\Content\2001tmnew\textourservices.htm --> www.jumboremix.com.hk /var/www/jumboremix.com.hk textourservices.htm
2001.04.20 12:20 B C:\FrontPage Webs\Content\2001tmnew\textourservices.htm --> www.jumboremix.com.hk /var/www/jumboremix.com.hk textourservices.htm
2001.04.26 13:44 B C:\FrontPage Webs\Content\2001tmnew\2001tm-banner-abous.swf --> www.jumboremix.com.hk /var/www/jumboremix.com.hk 2001tm-banner-abous.swf
2001.04.26 13:44 B C:\FrontPage Webs\Content\2001tmnew\2001tm-banner-brandname.swf --> www.jumboremix.com.hk /var/www/jumboremix.com.hk 2001tm-banner-brandname.swf
2001.04.26 13:44 B C:\FrontPage Webs\Content\2001tmnew\2001tm-banner-class.swf --> www.jumboremix.com.hk /var/www/jumboremix.com.hk 2001tm-banner-class.swf
2001.04.26 13:44 B C:\FrontPage Webs\Content\2001tmnew\2001tm-banner-conf.swf --> www.jumboremix.com.hk /var/www/jumboremix.com.hk 2001tm-banner-conf.swf
2001.04.26 13:44 B C:\FrontPage Webs\Content\2001tmnew\2001tm-banner-contactus.swf --> www.jumboremix.com.hk /var/www/jumboremix.com.hk 2001tm-banner-contactus.swf
2001.04.26 13:44 B C:\FrontPage Webs\Content\2001tmnew\2001tm-banner-fee.swf --> www.jumboremix.com.hk /var/www/jumboremix.com.hk 2001tm-banner-fee.swf
2001.04.26 13:44 B C:\FrontPage Webs\Content\2001tmnew\2001tm-banner-order.swf --> www.jumboremix.com.hk /var/www/jumboremix.com.hk 2001tm-banner-order.swf
2001.04.26 13:44 B C:\FrontPage Webs\Content\2001tmnew\2001tm-banner-payterm.swf --> www.jumboremix.com.hk /var/www/jumboremix.com.hk 2001tm-banner-payterm.swf
2001.04.26 13:44 B C:\FrontPage Webs\Content\2001tmnew\2001tm-banner-services.swf --> www.jumboremix.com.hk /var/www/jumboremix.com.hk 2001tm-banner-services.swf
2001.04.26 13:44 B C:\FrontPage Webs\Content\2001tmnew\2001tm-banner-sitemap.swf --> www.jumboremix.com.hk /var/www/jumboremix.com.hk 2001tm-banner-sitemap.swf
2001.04.26 13:44 B C:\FrontPage Webs\Content\2001tmnew\2001tm-banner-terms.swf --> www.jumboremix.com.hk /var/www/jumboremix.com.hk 2001tm-banner-terms.swf
2001.04.26 13:44 B C:\FrontPage Webs\Content\2001tmnew\2001tm-banner-wel.swf --> www.jumboremix.com.hk /var/www/jumboremix.com.hk 2001tm-banner-wel.swf
2001.04.26 13:44 B C:\FrontPage Webs\Content\2001tmnew\2001tm-menubar-jr.swf --> www.jumboremix.com.hk /var/www/jumboremix.com.hk 2001tm-menubar-jr.swf
2001.04.26 13:44 B C:\FrontPage Webs\Content\2001tmnew\2001tm-menubar.swf --> www.jumboremix.com.hk /var/www/jumboremix.com.hk 2001tm-menubar.swf
2001.04.26 13:44 B C:\FrontPage Webs\Content\2001tmnew\aboutus.htm --> www.jumboremix.com.hk /var/www/jumboremix.com.hk aboutus.htm
2001.04.26 13:44 B C:\FrontPage Webs\Content\2001tmnew\banner-abus.htm --> www.jumboremix.com.hk /var/www/jumboremix.com.hk banner-abus.htm
2001.04.26 13:44 B C:\FrontPage Webs\Content\2001tmnew\banner-brandname.htm --> www.jumboremix.com.hk /var/www/jumboremix.com.hk banner-brandname.htm
2001.04.26 13:44 B C:\FrontPage Webs\Content\2001tmnew\banner-class.htm --> www.jumboremix.com.hk /var/www/jumboremix.com.hk banner-class.htm
2001.04.26 13:44 B C:\FrontPage Webs\Content\2001tmnew\banner-conf.htm --> www.jumboremix.com.hk /var/www/jumboremix.com.hk banner-conf.htm
2001.04.26 13:44 B C:\FrontPage Webs\Content\2001tmnew\banner-contact.htm --> www.jumboremix.com.hk /var/www/jumboremix.com.hk banner-contact.htm
2001.04.26 13:44 B C:\FrontPage Webs\Content\2001tmnew\banner-fee.htm --> www.jumboremix.com.hk /var/www/jumboremix.com.hk banner-fee.htm
2001.04.26 13:44 B C:\FrontPage Webs\Content\2001tmnew\banner-order.htm --> www.jumboremix.com.hk /var/www/jumboremix.com.hk banner-order.htm
2001.04.26 13:44 B C:\FrontPage Webs\Content\2001tmnew\banner-payterm.htm --> www.jumboremix.com.hk /var/www/jumboremix.com.hk banner-payterm.htm
2001.04.26 13:44 B C:\FrontPage Webs\Content\2001tmnew\banner-ser.htm --> www.jumboremix.com.hk /var/www/jumboremix.com.hk banner-ser.htm
2001.04.26 13:44 B C:\FrontPage Webs\Content\2001tmnew\banner-sitemap.htm --> www.jumboremix.com.hk /var/www/jumboremix.com.hk banner-sitemap.htm
2001.04.26 13:44 B C:\FrontPage Webs\Content\2001tmnew\banner-terms.htm --> www.jumboremix.com.hk /var/www/jumboremix.com.hk banner-terms.htm
2001.04.26 13:44 B C:\FrontPage Webs\Content\2001tmnew\banner-wel.htm --> www.jumboremix.com.hk /var/www/jumboremix.com.hk banner-wel.htm
2001.04.26 13:44 B C:\FrontPage Webs\Content\2001tmnew\brandname.htm --> www.jumboremix.com.hk /var/www/jumboremix.com.hk brandname.htm
2001.04.26 13:44 B C:\FrontPage Webs\Content\2001tmnew\confirmation.htm --> www.jumboremix.com.hk /var/www/jumboremix.com.hk confirmation.htm
2001.04.26 13:44 B C:\FrontPage Webs\Content\2001tmnew\contactus.htm --> www.jumboremix.com.hk /var/www/jumboremix.com.hk contactus.htm
2001.04.26 13:44 B C:\FrontPage Webs\Content\2001tmnew\home.htm --> www.jumboremix.com.hk /var/www/jumboremix.com.hk home.htm
2001.04.26 13:44 B C:\FrontPage Webs\Content\2001tmnew\homepage01.swf --> www.jumboremix.com.hk /var/www/jumboremix.com.hk homepage01.swf
2001.04.26 13:44 B C:\FrontPage Webs\Content\2001tmnew\index.htm --> www.jumboremix.com.hk /var/www/jumboremix.com.hk index.htm
2001.04.26 13:44 B C:\FrontPage Webs\Content\2001tmnew\menubar.htm --> www.jumboremix.com.hk /var/www/jumboremix.com.hk menubar.htm
2001.04.26 13:44 B C:\FrontPage Webs\Content\2001tmnew\ordertm.htm --> www.jumboremix.com.hk /var/www/jumboremix.com.hk ordertm.htm
2001.04.26 13:44 B C:\FrontPage Webs\Content\2001tmnew\payterm.htm --> www.jumboremix.com.hk /var/www/jumboremix.com.hk payterm.htm
2001.04.26 13:44 B C:\FrontPage Webs\Content\2001tmnew\sitemap.htm --> www.jumboremix.com.hk /var/www/jumboremix.com.hk sitemap.htm
2001.04.26 13:44 B C:\FrontPage Webs\Content\2001tmnew\term&.htm --> www.jumboremix.com.hk /var/www/jumboremix.com.hk term&.htm
2001.04.26 13:44 B C:\FrontPage Webs\Content\2001tmnew\textabus.htm --> www.jumboremix.com.hk /var/www/jumboremix.com.hk textabus.htm
2001.04.26 13:44 B C:\FrontPage Webs\Content\2001tmnew\textbrand.htm --> www.jumboremix.com.hk /var/www/jumboremix.com.hk textbrand.htm
2001.04.26 13:44 B C:\FrontPage Webs\Content\2001tmnew\textconf.htm --> www.jumboremix.com.hk /var/www/jumboremix.com.hk textconf.htm
2001.04.26 13:44 B C:\FrontPage Webs\Content\2001tmnew\textcontact.htm --> www.jumboremix.com.hk /var/www/jumboremix.com.hk textcontact.htm
2001.04.26 13:44 B C:\FrontPage Webs\Content\2001tmnew\texthome.htm --> www.jumboremix.com.hk /var/www/jumboremix.com.hk texthome.htm
2001.04.26 13:44 B C:\FrontPage Webs\Content\2001tmnew\textorder.htm --> www.jumboremix.com.hk /var/www/jumboremix.com.hk textorder.htm
2001.04.26 13:44 B C:\FrontPage Webs\Content\2001tmnew\textourservices.htm --> www.jumboremix.com.hk /var/www/jumboremix.com.hk textourservices.htm
2001.04.26 13:44 B C:\FrontPage Webs\Content\2001tmnew\textpayterm.htm --> www.jumboremix.com.hk /var/www/jumboremix.com.hk textpayterm.htm
2001.04.26 13:44 B C:\FrontPage Webs\Content\2001tmnew\textsitemap.htm --> www.jumboremix.com.hk /var/www/jumboremix.com.hk textsitemap.htm
2001.04.26 13:44 B C:\FrontPage Webs\Content\2001tmnew\textterms.htm --> www.jumboremix.com.hk /var/www/jumboremix.com.hk textterms.htm
2001.04.26 13:44 B C:\FrontPage Webs\Content\2001tmnew\texttmfee.htm --> www.jumboremix.com.hk /var/www/jumboremix.com.hk texttmfee.htm
2001.04.26 13:44 B C:\FrontPage Webs\Content\2001tmnew\TM-intro02.swf --> www.jumboremix.com.hk /var/www/jumboremix.com.hk TM-intro02.swf
2001.04.26 13:44 B C:\FrontPage Webs\Content\2001tmnew\tmfee.htm --> www.jumboremix.com.hk /var/www/jumboremix.com.hk tmfee.htm
2001.04.26 13:44 B C:\FrontPage Webs\Content\2001tmnew\trademark.htm --> www.jumboremix.com.hk /var/www/jumboremix.com.hk trademark.htm
2001.04.26 17:24 B C:\FrontPage Webs\Content\2001tmnew\textorder.htm --> www.jumboremix.com.hk /var/www/jumboremix.com.hk textorder.htm
2001.04.26 17:26 B C:\FrontPage Webs\Content\2001tmnew\ordertm.htm --> www.jumboremix.com.hk /var/www/jumboremix.com.hk ordertm.htm
2001.04.26 17:46 B C:\FrontPage Webs\Content\2001tmnew\confirmation.htm --> www.jumboremix.com.hk /var/www/jumboremix.com.hk/_vti_bin confirmation.htm
2001.04.26 17:56 B C:\FrontPage Webs\Content\2001tmnew\confirmation.htm --> www.jumboremix.com.hk /var/www/jumboremix.com.hk confirmation.htm
2001.04.26 17:56 B C:\FrontPage Webs\Content\2001tmnew\textconf.htm --> www.jumboremix.com.hk /var/www/jumboremix.com.hk textconf.htm
2001.04.27 18:33 B C:\FrontPage Webs\Content\2001tmnew\2001tm-menubar-jr.swf --> www.jumboremix.com.hk /var/www/jumboremix.com.hk 2001tm-menubar-jr.swf
2001.04.27 18:33 B C:\FrontPage Webs\Content\2001tmnew\2001tm-menubar.swf --> www.jumboremix.com.hk /var/www/jumboremix.com.hk 2001tm-menubar.swf
